ARM GAS  C:\Users\Benson\AppData\Local\Temp\ccHpSZeJ.s 			page 1


   1              		.cpu cortex-m4
   2              		.eabi_attribute 27, 1
   3              		.eabi_attribute 28, 1
   4              		.eabi_attribute 20, 1
   5              		.eabi_attribute 21, 1
   6              		.eabi_attribute 23, 3
   7              		.eabi_attribute 24, 1
   8              		.eabi_attribute 25, 1
   9              		.eabi_attribute 26, 1
  10              		.eabi_attribute 30, 6
  11              		.eabi_attribute 34, 1
  12              		.eabi_attribute 18, 4
  13              		.file	"main.c"
  14              		.text
  15              	.Ltext0:
  16              		.cfi_sections	.debug_frame
  17              		.section	.rodata
  18              		.align	2
  19              	.LC0:
  20 0000 696E7075 		.ascii	"input a data!!\000"
  20      74206120 
  20      64617461 
  20      212100
  21 000f 00       		.align	2
  22              	.LC1:
  23 0010 256400   		.ascii	"%d\000"
  24 0013 00       		.align	2
  25              	.LC2:
  26 0014 64617461 		.ascii	"data = %d\012\000"
  26      203D2025 
  26      640A00
  27              		.section	.text.main,"ax",%progbits
  28              		.align	1
  29              		.global	main
  30              		.arch armv7e-m
  31              		.syntax unified
  32              		.thumb
  33              		.thumb_func
  34              		.fpu fpv4-sp-d16
  36              	main:
  37              	.LFB3:
  38              		.file 1 "./Src/main.c"
   1:./Src/main.c  **** /**
   2:./Src/main.c  ****   ******************************************************************************
   3:./Src/main.c  ****   * @file    main.c
   4:./Src/main.c  ****   * @author  Ri-Sheng Chen
   5:./Src/main.c  ****   * @brief   This file is a example
   6:./Src/main.c  ****   ******************************************************************************
   7:./Src/main.c  ****   */
   8:./Src/main.c  **** 
   9:./Src/main.c  **** #include "myusart.h"
  10:./Src/main.c  **** #include <stdio.h>
  11:./Src/main.c  **** 
  12:./Src/main.c  **** int main(void) {
  39              		.loc 1 12 16
  40              		.cfi_startproc
  41              		@ args = 0, pretend = 0, frame = 8
ARM GAS  C:\Users\Benson\AppData\Local\Temp\ccHpSZeJ.s 			page 2


  42              		@ frame_needed = 1, uses_anonymous_args = 0
  43 0000 80B5     		push	{r7, lr}
  44              	.LCFI0:
  45              		.cfi_def_cfa_offset 8
  46              		.cfi_offset 7, -8
  47              		.cfi_offset 14, -4
  48 0002 82B0     		sub	sp, sp, #8
  49              	.LCFI1:
  50              		.cfi_def_cfa_offset 16
  51 0004 00AF     		add	r7, sp, #0
  52              	.LCFI2:
  53              		.cfi_def_cfa_register 7
  13:./Src/main.c  **** 	MYUSART_Init();
  54              		.loc 1 13 2
  55 0006 FFF7FEFF 		bl	MYUSART_Init
  56              	.L2:
  14:./Src/main.c  **** 	int data;
  15:./Src/main.c  **** 	while(1) {
  16:./Src/main.c  **** 		printf("input a data!!\n");
  57              		.loc 1 16 3 discriminator 1
  58 000a 0A48     		ldr	r0, .L3
  59 000c FFF7FEFF 		bl	puts
  17:./Src/main.c  **** 		scanf("%d", &data);
  60              		.loc 1 17 3 discriminator 1
  61 0010 3B1D     		adds	r3, r7, #4
  62 0012 1946     		mov	r1, r3
  63 0014 0848     		ldr	r0, .L3+4
  64 0016 FFF7FEFF 		bl	scanf
  18:./Src/main.c  **** 		printf("data = %d\n", data);
  65              		.loc 1 18 3 discriminator 1
  66 001a 7B68     		ldr	r3, [r7, #4]
  67 001c 1946     		mov	r1, r3
  68 001e 0748     		ldr	r0, .L3+8
  69 0020 FFF7FEFF 		bl	printf
  19:./Src/main.c  **** 		fflush(stdin);	/* Claer buffer */
  70              		.loc 1 19 10 discriminator 1
  71 0024 064B     		ldr	r3, .L3+12
  72 0026 1B68     		ldr	r3, [r3]
  73 0028 5B68     		ldr	r3, [r3, #4]
  74              		.loc 1 19 3 discriminator 1
  75 002a 1846     		mov	r0, r3
  76 002c FFF7FEFF 		bl	fflush
  16:./Src/main.c  **** 		scanf("%d", &data);
  77              		.loc 1 16 3 discriminator 1
  78 0030 EBE7     		b	.L2
  79              	.L4:
  80 0032 00BF     		.align	2
  81              	.L3:
  82 0034 00000000 		.word	.LC0
  83 0038 10000000 		.word	.LC1
  84 003c 14000000 		.word	.LC2
  85 0040 00000000 		.word	_impure_ptr
  86              		.cfi_endproc
  87              	.LFE3:
  89              		.text
  90              	.Letext0:
  91              		.file 2 "c:\\program files (x86)\\gnu arm embedded toolchain\\10 2021.07\\lib\\gcc\\arm-none-eabi\
ARM GAS  C:\Users\Benson\AppData\Local\Temp\ccHpSZeJ.s 			page 3


  92              		.file 3 "c:\\program files (x86)\\gnu arm embedded toolchain\\10 2021.07\\arm-none-eabi\\include\\
  93              		.file 4 "c:\\program files (x86)\\gnu arm embedded toolchain\\10 2021.07\\arm-none-eabi\\include\\
  94              		.file 5 "c:\\program files (x86)\\gnu arm embedded toolchain\\10 2021.07\\arm-none-eabi\\include\\
ARM GAS  C:\Users\Benson\AppData\Local\Temp\ccHpSZeJ.s 			page 4


DEFINED SYMBOLS
                            *ABS*:00000000 main.c
C:\Users\Benson\AppData\Local\Temp\ccHpSZeJ.s:18     .rodata:00000000 $d
C:\Users\Benson\AppData\Local\Temp\ccHpSZeJ.s:28     .text.main:00000000 $t
C:\Users\Benson\AppData\Local\Temp\ccHpSZeJ.s:36     .text.main:00000000 main
C:\Users\Benson\AppData\Local\Temp\ccHpSZeJ.s:82     .text.main:00000034 $d

UNDEFINED SYMBOLS
MYUSART_Init
puts
scanf
printf
fflush
_impure_ptr
